TN:
SF:background.js
FN:8,(anonymous_0)
FN:20,(anonymous_1)
FN:37,(anonymous_2)
FN:45,(anonymous_3)
FN:46,(anonymous_4)
FN:58,(anonymous_5)
FN:59,(anonymous_6)
FN:65,summarizeText
FN:162,handleChatMessage
FNF:9
FNH:0
FNDA:0,(anonymous_0)
FNDA:0,(anonymous_1)
FNDA:0,(anonymous_2)
FNDA:0,(anonymous_3)
FNDA:0,(anonymous_4)
FNDA:0,(anonymous_5)
FNDA:0,(anonymous_6)
FNDA:0,summarizeText
FNDA:0,handleChatMessage
DA:5,0
DA:8,0
DA:9,0
DA:12,0
DA:20,0
DA:21,0
DA:22,0
DA:23,0
DA:25,0
DA:27,0
DA:28,0
DA:37,0
DA:38,0
DA:39,0
DA:40,0
DA:41,0
DA:44,0
DA:45,0
DA:46,0
DA:47,0
DA:51,0
DA:52,0
DA:53,0
DA:54,0
DA:57,0
DA:58,0
DA:59,0
DA:60,0
DA:66,0
DA:67,0
DA:68,0
DA:71,0
DA:72,0
DA:77,0
DA:79,0
DA:80,0
DA:81,0
DA:83,0
DA:84,0
DA:85,0
DA:87,0
DA:88,0
DA:89,0
DA:91,0
DA:92,0
DA:96,0
DA:107,0
DA:110,0
DA:130,0
DA:131,0
DA:132,0
DA:135,0
DA:137,0
DA:138,0
DA:141,0
DA:143,0
DA:146,0
DA:147,0
DA:150,0
DA:152,0
DA:153,0
DA:156,0
DA:157,0
DA:163,0
DA:164,0
DA:167,0
DA:168,0
DA:169,0
DA:177,0
DA:197,0
DA:198,0
DA:199,0
DA:202,0
DA:204,0
DA:205,0
DA:208,0
DA:210,0
DA:211,0
LF:78
LH:0
BRDA:21,0,0,0
BRDA:21,0,1,0
BRDA:38,1,0,0
BRDA:38,1,1,0
BRDA:39,2,0,0
BRDA:39,2,1,0
BRDA:51,3,0,0
BRDA:51,3,1,0
BRDA:52,4,0,0
BRDA:52,4,1,0
BRDA:65,5,0,0
BRDA:65,6,0,0
BRDA:67,7,0,0
BRDA:67,7,1,0
BRDA:71,8,0,0
BRDA:71,8,1,0
BRDA:71,9,0,0
BRDA:71,9,1,0
BRDA:77,10,0,0
BRDA:77,10,1,0
BRDA:77,10,2,0
BRDA:77,10,3,0
BRDA:130,11,0,0
BRDA:130,11,1,0
BRDA:132,12,0,0
BRDA:132,12,1,0
BRDA:137,13,0,0
BRDA:137,13,1,0
BRDA:137,14,0,0
BRDA:137,14,1,0
BRDA:146,15,0,0
BRDA:146,15,1,0
BRDA:146,16,0,0
BRDA:146,16,1,0
BRDA:146,16,2,0
BRDA:163,17,0,0
BRDA:163,17,1,0
BRDA:197,18,0,0
BRDA:197,18,1,0
BRDA:199,19,0,0
BRDA:199,19,1,0
BRDA:204,20,0,0
BRDA:204,20,1,0
BRDA:204,21,0,0
BRDA:204,21,1,0
BRF:45
BRH:0
end_of_record
TN:
SF:popup\popup.js
FN:1,(anonymous_0)
FN:17,initializeUI
FN:28,(anonymous_2)
FN:35,(anonymous_3)
FN:44,updateThemeIcon
FN:53,(anonymous_5)
FN:91,(anonymous_6)
FN:135,extractPageContent
FN:185,(anonymous_8)
FN:206,setLoading
FN:215,displaySummary
FN:226,(anonymous_11)
FN:236,(anonymous_12)
FN:248,updateStatus
FN:257,toggleError
FN:269,enableActions
FN:273,setupEventListeners
FN:277,(anonymous_17)
FN:290,(anonymous_18)
FN:291,(anonymous_19)
FN:326,generateCopyText
FN:341,(anonymous_21)
FN:350,(anonymous_22)
FN:363,showToast
FN:371,(anonymous_24)
FN:377,loadTheme
FN:379,(anonymous_26)
FNF:27
FNH:0
FNDA:0,(anonymous_0)
FNDA:0,initializeUI
FNDA:0,(anonymous_2)
FNDA:0,(anonymous_3)
FNDA:0,updateThemeIcon
FNDA:0,(anonymous_5)
FNDA:0,(anonymous_6)
FNDA:0,extractPageContent
FNDA:0,(anonymous_8)
FNDA:0,setLoading
FNDA:0,displaySummary
FNDA:0,(anonymous_11)
FNDA:0,(anonymous_12)
FNDA:0,updateStatus
FNDA:0,toggleError
FNDA:0,enableActions
FNDA:0,setupEventListeners
FNDA:0,(anonymous_17)
FNDA:0,(anonymous_18)
FNDA:0,(anonymous_19)
FNDA:0,generateCopyText
FNDA:0,(anonymous_21)
FNDA:0,(anonymous_22)
FNDA:0,showToast
FNDA:0,(anonymous_24)
FNDA:0,loadTheme
FNDA:0,(anonymous_26)
DA:1,0
DA:3,0
DA:4,0
DA:5,0
DA:6,0
DA:7,0
DA:8,0
DA:9,0
DA:10,0
DA:11,0
DA:13,0
DA:14,0
DA:18,0
DA:19,0
DA:22,0
DA:25,0
DA:28,0
DA:29,0
DA:30,0
DA:31,0
DA:35,0
DA:36,0
DA:37,0
DA:39,0
DA:40,0
DA:41,0
DA:45,0
DA:46,0
DA:47,0
DA:52,0
DA:53,0
DA:54,0
DA:56,0
DA:57,0
DA:58,0
DA:59,0
DA:62,0
DA:64,0
DA:65,0
DA:69,0
DA:74,0
DA:75,0
DA:78,0
DA:81,0
DA:84,0
DA:92,0
DA:94,0
DA:95,0
DA:96,0
DA:97,0
DA:100,0
DA:101,0
DA:102,0
DA:105,0
DA:111,0
DA:112,0
DA:113,0
DA:116,0
DA:117,0
DA:119,0
DA:120,0
DA:121,0
DA:126,0
DA:127,0
DA:128,0
DA:129,0
DA:136,0
DA:138,0
DA:149,0
DA:152,0
DA:153,0
DA:154,0
DA:155,0
DA:156,0
DA:161,0
DA:162,0
DA:166,0
DA:184,0
DA:185,0
DA:188,0
DA:194,0
DA:195,0
DA:196,0
DA:199,0
DA:201,0
DA:202,0
DA:207,0
DA:208,0
DA:210,0
DA:211,0
DA:216,0
DA:218,0
DA:219,0
DA:220,0
DA:224,0
DA:225,0
DA:226,0
DA:227,0
DA:228,0
DA:229,0
DA:234,0
DA:235,0
DA:236,0
DA:237,0
DA:238,0
DA:239,0
DA:244,0
DA:249,0
DA:250,0
DA:251,0
DA:252,0
DA:253,0
DA:258,0
DA:259,0
DA:260,0
DA:261,0
DA:262,0
DA:263,0
DA:270,0
DA:275,0
DA:276,0
DA:277,0
DA:278,0
DA:279,0
DA:280,0
DA:281,0
DA:283,0
DA:289,0
DA:290,0
DA:291,0
DA:292,0
DA:293,0
DA:294,0
DA:296,0
DA:297,0
DA:299,0
DA:300,0
DA:302,0
DA:303,0
DA:305,0
DA:306,0
DA:308,0
DA:309,0
DA:311,0
DA:312,0
DA:314,0
DA:315,0
DA:318,0
DA:319,0
DA:320,0
DA:327,0
DA:328,0
DA:329,0
DA:331,0
DA:334,0
DA:335,0
DA:339,0
DA:340,0
DA:341,0
DA:342,0
DA:344,0
DA:348,0
DA:349,0
DA:350,0
DA:351,0
DA:353,0
DA:357,0
DA:358,0
DA:360,0
DA:364,0
DA:365,0
DA:366,0
DA:367,0
DA:368,0
DA:369,0
DA:371,0
DA:372,0
DA:378,0
DA:379,0
DA:380,0
DA:381,0
DA:382,0
LF:182
LH:0
BRDA:29,0,0,0
BRDA:29,0,1,0
BRDA:29,1,0,0
BRDA:29,1,1,0
BRDA:37,2,0,0
BRDA:37,2,1,0
BRDA:46,3,0,0
BRDA:46,3,1,0
BRDA:47,4,0,0
BRDA:47,4,1,0
BRDA:52,5,0,0
BRDA:52,5,1,0
BRDA:64,6,0,0
BRDA:64,6,1,0
BRDA:74,7,0,0
BRDA:74,7,1,0
BRDA:74,8,0,0
BRDA:74,8,1,0
BRDA:74,8,2,0
BRDA:81,9,0,0
BRDA:81,9,1,0
BRDA:88,10,0,0
BRDA:88,10,1,0
BRDA:88,11,0,0
BRDA:88,11,1,0
BRDA:94,12,0,0
BRDA:94,12,1,0
BRDA:101,13,0,0
BRDA:101,13,1,0
BRDA:101,14,0,0
BRDA:101,14,1,0
BRDA:107,15,0,0
BRDA:107,15,1,0
BRDA:108,16,0,0
BRDA:108,16,1,0
BRDA:154,17,0,0
BRDA:154,17,1,0
BRDA:154,18,0,0
BRDA:154,18,1,0
BRDA:161,19,0,0
BRDA:161,19,1,0
BRDA:195,20,0,0
BRDA:195,20,1,0
BRDA:207,21,0,0
BRDA:207,21,1,0
BRDA:208,22,0,0
BRDA:208,22,1,0
BRDA:210,23,0,0
BRDA:210,23,1,0
BRDA:216,24,0,0
BRDA:216,24,1,0
BRDA:216,25,0,0
BRDA:216,25,1,0
BRDA:216,25,2,0
BRDA:219,26,0,0
BRDA:219,26,1,0
BRDA:225,27,0,0
BRDA:225,27,1,0
BRDA:235,28,0,0
BRDA:235,28,1,0
BRDA:248,29,0,0
BRDA:251,30,0,0
BRDA:251,30,1,0
BRDA:251,31,0,0
BRDA:251,31,1,0
BRDA:257,32,0,0
BRDA:258,33,0,0
BRDA:258,33,1,0
BRDA:259,34,0,0
BRDA:259,34,1,0
BRDA:260,35,0,0
BRDA:260,35,1,0
BRDA:262,36,0,0
BRDA:262,36,1,0
BRDA:270,37,0,0
BRDA:270,37,1,0
BRDA:276,38,0,0
BRDA:276,38,1,0
BRDA:297,39,0,0
BRDA:297,39,1,0
BRDA:297,39,2,0
BRDA:297,39,3,0
BRDA:297,39,4,0
BRDA:297,39,5,0
BRDA:318,40,0,0
BRDA:318,40,1,0
BRDA:334,41,0,0
BRDA:334,41,1,0
BRDA:339,42,0,0
BRDA:339,42,1,0
BRDA:339,43,0,0
BRDA:339,43,1,0
BRDA:348,44,0,0
BRDA:348,44,1,0
BRDA:348,45,0,0
BRDA:348,45,1,0
BRDA:363,46,0,0
BRDA:366,47,0,0
BRDA:366,47,1,0
BRDA:366,48,0,0
BRDA:366,48,1,0
BRDA:380,49,0,0
BRDA:380,49,1,0
BRDA:380,50,0,0
BRDA:380,50,1,0
BRF:105
BRH:0
end_of_record
